<?xml version="1.0" encoding="utf-8"?><testsuites name="pytest tests"><testsuite name="pytest" errors="0" failures="0" skipped="0" tests="15" time="9.086" timestamp="2026-08-29T19:23:09.618977+00:00" hostname="agent-env-18eeb0e0-cfdf-4662-ad55-67ff80367d5c"><testcase classname="tests.test_admin_scan.TestAdminOverview" name="test_owner_overview" time="0.738" /><testcase classname="tests.test_admin_scan.TestMedicineImport" name="test_import_products_and_persist" time="0.883" /><testcase classname="tests.test_admin_scan.TestAdminOverview" name="test_admin_can_view_overview" time="0.634" /><testcase classname="tests.test_admin_scan.TestMedicineImport" name="test_import_cashier_forbidden" time="0.563" /><testcase classname="tests.test_admin_scan.TestMedicineImport" name="test_export_products_csv_source" time="0.093" /><testcase classname="tests.test_admin_scan.TestMedicineImport" name="test_export_invalid_collection" time="0.216" /><testcase classname="tests.test_admin_scan.TestAdminOverview" name="test_cashier_forbidden" time="0.510" /><testcase classname="tests.test_admin_scan.TestAdminOverview" name="test_anon_unauthorised" time="0.280" /><testcase classname="tests.test_admin_scan.TestDangerZone" name="test_clear_transactions_admin_forbidden" time="0.483" /><testcase classname="tests.test_admin_scan.TestScanBillImport" name="test_missing_supplier_404" time="0.226" /><testcase classname="tests.test_admin_scan.TestDangerZone" name="test_clear_transactions_cashier_forbidden" time="0.083" /><testcase classname="tests.test_admin_scan.TestDangerZone" name="test_deactivate_zero_stock" time="5.335" /><testcase classname="tests.test_admin_scan.TestScanBillImport" name="test_missing_file_422" time="0.156" /><testcase classname="tests.test_admin_scan.TestScanBillImport" name="test_unreadable_image_422" time="0.745" /><testcase classname="tests.test_admin_scan.TestScanBillImport" name="test_scan_creates_purchase_and_increases_stock" time="5.258" /></testsuite></testsuites>