<?xml version="1.0" encoding="utf-8"?><testsuites name="pytest tests"><testsuite name="pytest" errors="0" failures="0" skipped="0" tests="70" time="11.728" timestamp="2026-08-29T18:59:18.208434+00:00" hostname="agent-env-18eeb0e0-cfdf-4662-ad55-67ff80367d5c"><testcase classname="tests.backend_test.TestSales" name="test_cash_sale_deducts_stock_and_gst" time="1.022" /><testcase classname="tests.backend_test.TestRBAC" name="test_cashier_permissions_payload" time="0.800" /><testcase classname="tests.backend_test.TestRBAC" name="test_cashier_blocked_modules[/purchases]" time="0.075" /><testcase classname="tests.backend_test.TestRBAC" name="test_cashier_blocked_modules[/inventory]" time="0.075" /><testcase classname="tests.backend_test.TestRBAC" name="test_cashier_blocked_modules[/expenses]" time="0.115" /><testcase classname="tests.backend_test.TestSales" name="test_idempotency_no_double_deduction" time="0.355" /><testcase classname="tests.backend_test.TestRBAC" name="test_cashier_blocked_modules[/staff]" time="0.080" /><testcase classname="tests.backend_test.TestRBAC" name="test_cashier_blocked_modules[/audit-logs]" time="0.114" /><testcase classname="tests.backend_test.TestRBAC" name="test_cashier_blocked_modules[/reorder]" time="0.074" /><testcase classname="tests.backend_test.TestRBAC" name="test_cashier_blocked_modules[/expiry]" time="0.076" /><testcase classname="tests.backend_test.TestSales" name="test_expired_batch_cannot_be_sold" time="0.171" /><testcase classname="tests.backend_test.TestRBAC" name="test_cashier_blocked_modules[/reports/sales]" time="0.075" /><testcase classname="tests.backend_test.TestRBAC" name="test_cashier_blocked_modules[/export/products]" time="0.116" /><testcase classname="tests.backend_test.TestSales" name="test_insufficient_stock_rejected" time="0.202" /><testcase classname="tests.backend_test.TestRBAC" name="test_cashier_cannot_create_product_or_purchase" time="0.262" /><testcase classname="tests.backend_test.TestSales" name="test_empty_bill_rejected" time="0.116" /><testcase classname="tests.backend_test.TestRBAC" name="test_cashier_allowed_modules" time="0.225" /><testcase classname="tests.backend_test.TestSales" name="test_credit_sale_updates_customer_ledger" time="0.755" /><testcase classname="tests.backend_test.TestAuth" name="test_root" time="0.149" /><testcase classname="tests.backend_test.TestAuth" name="test_login_success" time="0.338" /><testcase classname="tests.backend_test.TestAuth" name="test_login_bad_password" time="0.354" /><testcase classname="tests.backend_test.TestSales" name="test_sales_return_restocks" time="1.015" /><testcase classname="tests.backend_test.TestAuth" name="test_me" time="0.527" /><testcase classname="tests.backend_test.TestAuth" name="test_unauthenticated_blocked" time="0.073" /><testcase classname="tests.backend_test.TestAuth" name="test_invalid_token" time="0.079" /><testcase classname="tests.backend_test.TestAuth" name="test_bcrypt_hash_format" time="0.078" /><testcase classname="tests.backend_test.TestSales" name="test_sales_return_qty_exceeds" time="0.395" /><testcase classname="tests.backend_test.TestInventory" name="test_inventory_batches" time="0.101" /><testcase classname="tests.backend_test.TestInventory" name="test_adjust_stock_and_persist" time="0.533" /><testcase classname="tests.backend_test.TestSales" name="test_repeated_returns_cannot_exceed_sold_qty" time="0.737" /><testcase classname="tests.backend_test.TestInventory" name="test_adjust_negative_beyond_stock" time="0.212" /><testcase classname="tests.backend_test.TestInventory" name="test_adjust_batch_404" time="0.079" /><testcase classname="tests.backend_test.TestInventory" name="test_reorder" time="0.161" /><testcase classname="tests.backend_test.TestSales" name="test_cancel_sale_restores_stock" time="0.575" /><testcase classname="tests.backend_test.TestInventory" name="test_expiry_buckets" time="0.097" /><testcase classname="tests.backend_test.TestInventory" name="test_stock_movements" time="0.084" /><testcase classname="tests.backend_test.TestIteration3Fixes" name="test_fix1_over_return_rejected_and_stock_not_inflated" time="0.933" /><testcase classname="tests.backend_test.TestSales" name="test_cancel_after_return_should_not_double_restock" time="0.823" /><testcase classname="tests.backend_test.TestIteration3Fixes" name="test_fix1b_partial_returns_accumulate" time="1.001" /><testcase classname="tests.backend_test.TestSales" name="test_list_sales" time="0.073" /><testcase classname="tests.backend_test.TestSales" name="test_sale_404" time="0.072" /><testcase classname="tests.backend_test.TestPurchases" name="test_purchase_increases_stock_and_payable" time="0.728" /><testcase classname="tests.backend_test.TestIteration3Fixes" name="test_fix2_cancel_after_return_blocked" time="0.775" /><testcase classname="tests.backend_test.TestPurchases" name="test_purchase_bad_supplier" time="0.072" /><testcase classname="tests.backend_test.TestPurchases" name="test_csv_import_preview_and_commit" time="0.304" /><testcase classname="tests.backend_test.TestPurchases" name="test_csv_commit_requires_supplier" time="0.115" /><testcase classname="tests.backend_test.TestPurchases" name="test_purchase_return_expired" time="0.356" /><testcase classname="tests.backend_test.TestIteration3Fixes" name="test_fix2b_return_on_cancelled_sale_blocked" time="0.594" /><testcase classname="tests.backend_test.TestPurchases" name="test_purchase_return_invalid_qty" time="0.240" /><testcase classname="tests.backend_test.TestDashboard" name="test_dashboard_kpis" time="0.080" /><testcase classname="tests.backend_test.TestDashboard" name="test_charts" time="0.077" /><testcase classname="tests.backend_test.TestIteration3Fixes" name="test_fix3_cashier_supplier_payment_forbidden" time="0.148" /><testcase classname="tests.backend_test.TestDashboard" name="test_reports" time="0.278" /><testcase classname="tests.backend_test.TestIteration3Fixes" name="test_fix3b_cashier_customer_payment_allowed" time="0.149" /><testcase classname="tests.backend_test.TestIteration3Fixes" name="test_fix4_purchase_return_supplier_mismatch" time="0.673" /><testcase classname="tests.backend_test.TestDashboard" name="test_export_allowed_and_blocked" time="0.148" /><testcase classname="tests.backend_test.TestDashboard" name="test_audit_logs" time="0.083" /><testcase classname="tests.backend_test.TestParties" name="test_customer_crud_and_ledger" time="0.495" /><testcase classname="tests.backend_test.TestProducts" name="test_list_products" time="0.075" /><testcase classname="tests.backend_test.TestParties" name="test_supplier_crud_and_payment" time="0.314" /><testcase classname="tests.backend_test.TestProducts" name="test_search_products" time="0.077" /><testcase classname="tests.backend_test.TestProducts" name="test_create_update_and_persist" time="0.370" /><testcase classname="tests.backend_test.TestParties" name="test_payment_validation" time="0.144" /><testcase classname="tests.backend_test.TestParties" name="test_ledger_404" time="0.149" /><testcase classname="tests.backend_test.TestProducts" name="test_product_404" time="0.077" /><testcase classname="tests.backend_test.TestProducts" name="test_categories" time="0.119" /><testcase classname="tests.backend_test.TestParties" name="test_payments_list" time="0.072" /><testcase classname="tests.backend_test.TestExpenses" name="test_add_and_list_expense" time="0.146" /><testcase classname="tests.backend_test.TestSettings" name="test_business_update" time="0.190" /><testcase classname="tests.backend_test.TestSettings" name="test_staff_list_and_add" time="1.033" /></testsuite></testsuites>