<?xml version="1.0" encoding="utf-8"?><testsuites name="pytest tests"><testsuite name="pytest" errors="0" failures="3" skipped="0" tests="89" time="21.022" timestamp="2026-08-29T19:27:40.630129+00:00" hostname="agent-env-18eeb0e0-cfdf-4662-ad55-67ff80367d5c"><testcase classname="tests.backend_test.TestRBAC" name="test_cashier_permissions_payload" time="0.662" /><testcase classname="tests.backend_test.TestSales" name="test_cash_sale_deducts_stock_and_gst" time="1.028" /><testcase classname="tests.backend_test.TestRBAC" name="test_cashier_blocked_modules[/purchases]" time="0.075" /><testcase classname="tests.backend_test.TestRBAC" name="test_cashier_blocked_modules[/inventory]" time="0.115" /><testcase classname="tests.backend_test.TestRBAC" name="test_cashier_blocked_modules[/expenses]" time="0.070" /><testcase classname="tests.backend_test.TestRBAC" name="test_cashier_blocked_modules[/staff]" time="0.074" /><testcase classname="tests.backend_test.TestRBAC" name="test_cashier_blocked_modules[/audit-logs]" time="0.120" /><testcase classname="tests.backend_test.TestSales" name="test_idempotency_no_double_deduction" time="0.447" /><testcase classname="tests.backend_test.TestRBAC" name="test_cashier_blocked_modules[/reorder]" time="0.115" /><testcase classname="tests.backend_test.TestRBAC" name="test_cashier_blocked_modules[/expiry]" time="0.070" /><testcase classname="tests.backend_test.TestRBAC" name="test_cashier_blocked_modules[/reports/sales]" time="0.112" /><testcase classname="tests.backend_test.TestRBAC" name="test_cashier_blocked_modules[/export/products]" time="0.117" /><testcase classname="tests.backend_test.TestSales" name="test_expired_batch_cannot_be_sold" time="0.166" /><testcase classname="tests.backend_test.TestRBAC" name="test_cashier_cannot_create_product_or_purchase" time="0.296" /><testcase classname="tests.backend_test.TestSales" name="test_insufficient_stock_rejected" time="0.199" /><testcase classname="tests.backend_test.TestRBAC" name="test_cashier_allowed_modules" time="0.268" /><testcase classname="tests.backend_test.TestSales" name="test_empty_bill_rejected" time="0.074" /><testcase classname="tests.backend_test.TestSales" name="test_credit_sale_updates_customer_ledger" time="0.784" /><testcase classname="tests.backend_test.TestAuth" name="test_root" time="0.182" /><testcase classname="tests.backend_test.TestAuth" name="test_login_success" time="0.344" /><testcase classname="tests.backend_test.TestAuth" name="test_login_bad_password" time="0.300" /><testcase classname="tests.backend_test.TestSales" name="test_sales_return_restocks" time="0.965" /><testcase classname="tests.backend_test.TestAuth" name="test_me" time="0.513" /><testcase classname="tests.backend_test.TestAuth" name="test_unauthenticated_blocked" time="0.075" /><testcase classname="tests.backend_test.TestAuth" name="test_invalid_token" time="0.074" /><testcase classname="tests.backend_test.TestAuth" name="test_bcrypt_hash_format" time="0.079" /><testcase classname="tests.backend_test.TestSales" name="test_sales_return_qty_exceeds" time="0.421" /><testcase classname="tests.backend_test.TestInventory" name="test_inventory_batches" time="0.099" /><testcase classname="tests.backend_test.TestInventory" name="test_adjust_stock_and_persist" time="0.551" /><testcase classname="tests.backend_test.TestSales" name="test_repeated_returns_cannot_exceed_sold_qty" time="0.607" /><testcase classname="tests.backend_test.TestInventory" name="test_adjust_negative_beyond_stock" time="0.200" /><testcase classname="tests.backend_test.TestInventory" name="test_adjust_batch_404" time="0.076" /><testcase classname="tests.backend_test.TestInventory" name="test_reorder" time="0.087" /><testcase classname="tests.backend_test.TestInventory" name="test_expiry_buckets" time="0.239" /><testcase classname="tests.backend_test.TestSales" name="test_cancel_sale_restores_stock" time="0.529" /><testcase classname="tests.backend_test.TestInventory" name="test_stock_movements" time="0.081" /><testcase classname="tests.backend_test.TestIteration3Fixes" name="test_fix1_over_return_rejected_and_stock_not_inflated" time="0.995" /><testcase classname="tests.backend_test.TestSales" name="test_cancel_after_return_should_not_double_restock" time="0.852" /><testcase classname="tests.backend_test.TestIteration3Fixes" name="test_fix1b_partial_returns_accumulate" time="1.049" /><testcase classname="tests.backend_test.TestSales" name="test_list_sales" time="0.094" /><testcase classname="tests.backend_test.TestSales" name="test_sale_404" time="0.075" /><testcase classname="tests.backend_test.TestPurchases" name="test_purchase_increases_stock_and_payable" time="0.732" /><testcase classname="tests.backend_test.TestPurchases" name="test_purchase_bad_supplier" time="0.076" /><testcase classname="tests.backend_test.TestIteration3Fixes" name="test_fix2_cancel_after_return_blocked" time="0.780" /><testcase classname="tests.backend_test.TestPurchases" name="test_csv_import_preview_and_commit" time="0.306" /><testcase classname="tests.backend_test.TestPurchases" name="test_csv_commit_requires_supplier" time="0.072" /><testcase classname="tests.backend_test.TestPurchases" name="test_purchase_return_expired" time="0.374" /><testcase classname="tests.backend_test.TestPurchases" name="test_purchase_return_invalid_qty" time="0.255" /><testcase classname="tests.backend_test.TestIteration3Fixes" name="test_fix2b_return_on_cancelled_sale_blocked" time="0.687" /><testcase classname="tests.backend_test.TestDashboard" name="test_dashboard_kpis" time="0.134" /><testcase classname="tests.backend_test.TestDashboard" name="test_charts" time="0.081" /><testcase classname="tests.backend_test.TestDashboard" name="test_reports" time="0.296" /><testcase classname="tests.backend_test.TestIteration3Fixes" name="test_fix3_cashier_supplier_payment_forbidden" time="0.155" /><testcase classname="tests.backend_test.TestDashboard" name="test_export_allowed_and_blocked" time="0.169" /><testcase classname="tests.backend_test.TestIteration3Fixes" name="test_fix3b_cashier_customer_payment_allowed" time="0.148" /><testcase classname="tests.backend_test.TestDashboard" name="test_audit_logs" time="0.098" /><testcase classname="tests.backend_test.TestIteration3Fixes" name="test_fix4_purchase_return_supplier_mismatch" time="0.711" /><testcase classname="tests.backend_test.TestProducts" name="test_list_products" time="0.083" /><testcase classname="tests.backend_test.TestProducts" name="test_search_products" time="0.087" /><testcase classname="tests.backend_test.TestProducts" name="test_create_update_and_persist" time="0.323" /><testcase classname="tests.backend_test.TestProducts" name="test_product_404" time="0.079" /><testcase classname="tests.backend_test.TestProducts" name="test_categories" time="0.081" /><testcase classname="tests.test_admin_scan.TestAdminOverview" name="test_owner_overview" time="0.100" /><testcase classname="tests.backend_test.TestParties" name="test_customer_crud_and_ledger" time="0.628" /><testcase classname="tests.test_admin_scan.TestAdminOverview" name="test_admin_can_view_overview" time="0.477" /><testcase classname="tests.backend_test.TestParties" name="test_supplier_crud_and_payment" time="0.446" /><testcase classname="tests.test_admin_scan.TestAdminOverview" name="test_cashier_forbidden" time="0.515" /><testcase classname="tests.test_admin_scan.TestAdminOverview" name="test_anon_unauthorised" time="0.156" /><testcase classname="tests.backend_test.TestParties" name="test_payment_validation" time="0.194" /><testcase classname="tests.test_admin_scan.TestMedicineImport" name="test_import_products_and_persist" time="0.160" /><testcase classname="tests.backend_test.TestParties" name="test_ledger_404" time="0.154" /><testcase classname="tests.test_admin_scan.TestMedicineImport" name="test_import_cashier_forbidden" time="0.080" /><testcase classname="tests.backend_test.TestParties" name="test_payments_list" time="0.079" /><testcase classname="tests.test_admin_scan.TestMedicineImport" name="test_export_products_csv_source" time="0.087" /><testcase classname="tests.test_admin_scan.TestScanBillImport" name="test_missing_supplier_404" time="0.189" /><testcase classname="tests.test_admin_scan.TestMedicineImport" name="test_export_invalid_collection" time="0.072" /><testcase classname="tests.test_admin_scan.TestStaffRoleSecurity" name="test_add_staff_rejects_owner_role" time="0.129" /><testcase classname="tests.test_admin_scan.TestScanBillImport" name="test_missing_file_422" time="0.182" /><testcase classname="tests.test_admin_scan.TestStaffRoleSecurity" name="test_put_staff_rejects_invalid_role" time="0.345"><failure message="AssertionError: PUT /staff accepted bogus role (status 200) — no role validation&#10;assert 200 == 400&#10; +  where 200 = &lt;Response [200]&gt;.status_code">E   AssertionError: PUT /staff accepted bogus role (status 200) — no role validation
    assert 200 == 400
     +  where 200 = &lt;Response [200]&gt;.status_code</failure></testcase><testcase classname="tests.test_admin_scan.TestScanBillImport" name="test_unreadable_image_422" time="0.739" /><testcase classname="tests.test_admin_scan.TestStaffRoleSecurity" name="test_admin_cannot_escalate_self_to_owner" time="0.740"><failure message="AssertionError: PRIVILEGE ESCALATION: admin self-promoted to owner (PUT status 200)&#10;assert 'owner' != 'owner'">E   AssertionError: PRIVILEGE ESCALATION: admin self-promoted to owner (PUT status 200)
    assert 'owner' != 'owner'</failure></testcase><testcase classname="tests.test_admin_scan.TestScanBillImport" name="test_scan_creates_purchase_and_increases_stock" time="0.984" /><testcase classname="tests.test_admin_scan.TestStaffRoleSecurity" name="test_admin_cannot_modify_owner_account" time="5.680"><failure message="AssertionError: admin able to modify the owner account (status 200)&#10;assert 200 in (400, 403)&#10; +  where 200 = &lt;Response [200]&gt;.status_code">E   AssertionError: admin able to modify the owner account (status 200)
    assert 200 in (400, 403)
     +  where 200 = &lt;Response [200]&gt;.status_code</failure></testcase><testcase classname="tests.test_admin_scan.TestDangerZone" name="test_clear_transactions_admin_forbidden" time="0.520" /><testcase classname="tests.test_admin_scan.TestDangerZone" name="test_clear_transactions_cashier_forbidden" time="0.080" /><testcase classname="tests.test_admin_scan.TestDangerZone" name="test_deactivate_zero_stock" time="6.557" /><testcase classname="tests.backend_test.TestSettings" name="test_business_update" time="0.196" /><testcase classname="tests.backend_test.TestSettings" name="test_staff_list_and_add" time="1.107" /><testcase classname="tests.backend_test.TestExpenses" name="test_add_and_list_expense" time="0.161" /></testsuite></testsuites>